  CSCE315Project2.cpp
h:\315\projects\2\csce 315 - project 2\csce 315 - project 2\serverapi.h(10): warning C4275: non dll-interface class 'std::exception' used as base for dll-interface class 'InvalidRecord'
  c:\program files (x86)\microsoft visual studio\2017\enterprise\vc\tools\msvc\14.11.25503\include\vcruntime_exception.h(43): note: see declaration of 'std::exception'
  h:\315\projects\2\csce 315 - project 2\csce 315 - project 2\serverapi.h(9): note: see declaration of 'InvalidRecord'
h:\315\projects\2\csce 315 - project 2\csce 315 - project 2\serverapi.h(16): warning C4275: non dll-interface class 'std::exception' used as base for dll-interface class 'InvalidTable'
  c:\program files (x86)\microsoft visual studio\2017\enterprise\vc\tools\msvc\14.11.25503\include\vcruntime_exception.h(43): note: see declaration of 'std::exception'
  h:\315\projects\2\csce 315 - project 2\csce 315 - project 2\serverapi.h(15): note: see declaration of 'InvalidTable'
h:\315\projects\2\csce 315 - project 2\csce 315 - project 2\serverapi.h(22): warning C4275: non dll-interface class 'std::exception' used as base for dll-interface class 'InvalidDatabase'
  c:\program files (x86)\microsoft visual studio\2017\enterprise\vc\tools\msvc\14.11.25503\include\vcruntime_exception.h(43): note: see declaration of 'std::exception'
  h:\315\projects\2\csce 315 - project 2\csce 315 - project 2\serverapi.h(21): note: see declaration of 'InvalidDatabase'
h:\315\projects\2\csce 315 - project 2\csce 315 - project 2\serverapi.h(28): warning C4275: non dll-interface class 'std::exception' used as base for dll-interface class 'CrossJoinException'
  c:\program files (x86)\microsoft visual studio\2017\enterprise\vc\tools\msvc\14.11.25503\include\vcruntime_exception.h(43): note: see declaration of 'std::exception'
  h:\315\projects\2\csce 315 - project 2\csce 315 - project 2\serverapi.h(27): note: see declaration of 'CrossJoinException'
h:\315\projects\2\csce 315 - project 2\csce 315 - project 2\serverapi.h(34): warning C4275: non dll-interface class 'std::exception' used as base for dll-interface class 'NaturalJoinException'
  c:\program files (x86)\microsoft visual studio\2017\enterprise\vc\tools\msvc\14.11.25503\include\vcruntime_exception.h(43): note: see declaration of 'std::exception'
  h:\315\projects\2\csce 315 - project 2\csce 315 - project 2\serverapi.h(33): note: see declaration of 'NaturalJoinException'
h:\315\projects\2\csce 315 - project 2\csce 315 - project 2\serverapi.h(40): warning C4275: non dll-interface class 'std::exception' used as base for dll-interface class 'AttributeDoesntExistException'
  c:\program files (x86)\microsoft visual studio\2017\enterprise\vc\tools\msvc\14.11.25503\include\vcruntime_exception.h(43): note: see declaration of 'std::exception'
  h:\315\projects\2\csce 315 - project 2\csce 315 - project 2\serverapi.h(39): note: see declaration of 'AttributeDoesntExistException'
h:\315\projects\2\csce 315 - project 2\csce 315 - project 2\serverapi.h(46): warning C4275: non dll-interface class 'std::exception' used as base for dll-interface class 'TableDoesntExistException'
  c:\program files (x86)\microsoft visual studio\2017\enterprise\vc\tools\msvc\14.11.25503\include\vcruntime_exception.h(43): note: see declaration of 'std::exception'
  h:\315\projects\2\csce 315 - project 2\csce 315 - project 2\serverapi.h(45): note: see declaration of 'TableDoesntExistException'
h:\315\projects\2\csce 315 - project 2\csce 315 - project 2\serverapi.h(52): warning C4275: non dll-interface class 'std::exception' used as base for dll-interface class 'QuerySelectException'
  c:\program files (x86)\microsoft visual studio\2017\enterprise\vc\tools\msvc\14.11.25503\include\vcruntime_exception.h(43): note: see declaration of 'std::exception'
  h:\315\projects\2\csce 315 - project 2\csce 315 - project 2\serverapi.h(51): note: see declaration of 'QuerySelectException'
h:\315\projects\2\csce 315 - project 2\csce 315 - project 2\serverapi.h(58): warning C4275: non dll-interface class 'std::exception' used as base for dll-interface class 'QueryFromException'
  c:\program files (x86)\microsoft visual studio\2017\enterprise\vc\tools\msvc\14.11.25503\include\vcruntime_exception.h(43): note: see declaration of 'std::exception'
  h:\315\projects\2\csce 315 - project 2\csce 315 - project 2\serverapi.h(57): note: see declaration of 'QueryFromException'
h:\315\projects\2\csce 315 - project 2\csce 315 - project 2\serverapi.h(64): warning C4275: non dll-interface class 'std::exception' used as base for dll-interface class 'QueryWhereException'
  c:\program files (x86)\microsoft visual studio\2017\enterprise\vc\tools\msvc\14.11.25503\include\vcruntime_exception.h(43): note: see declaration of 'std::exception'
  h:\315\projects\2\csce 315 - project 2\csce 315 - project 2\serverapi.h(63): note: see declaration of 'QueryWhereException'
h:\315\projects\2\csce 315 - project 2\csce 315 - project 2\json.hpp(3636): warning C4172: returning address of local variable or temporary: emptyJson
  CSCE 315 - Project 2.vcxproj -> H:\315\Projects\2\CSCE 315 - Project 2\Debug\CSCE 315 - Project 2.exe
  CSCE 315 - Project 2.vcxproj -> H:\315\Projects\2\CSCE 315 - Project 2\Debug\CSCE 315 - Project 2.pdb (Partial PDB)
